<?xml version="1.0" encoding="UTF-8"?>
<!-- Generated by org.testng.reporters.JUnitXMLReporter -->
<testsuite ignored="0" hostname="DESKTOP-GTRIPH7" failures="1" tests="2" name="Firefox" time="35.508" errors="0" timestamp="2022-12-08T10:15:25 IST">
  <testcase classname="com.qa.testscripts.TC_Academyedulogin" name="Search" time="0.425">
    <failure type="org.openqa.selenium.ElementClickInterceptedException" message="Element &amp;lt;a class=&amp;quot;Button new-lohp-button new-lohp-button-inverse header-login-button&amp;quot; href=&amp;quot;/login?lhpb=tp&amp;quot;&amp;gt; is not clickable at point (1196,57) because another element &amp;lt;iframe src=&amp;quot;https://accounts.google.com/gsi/iframe/select?client_id=331998490334-rsn3chp12mbkiqhl6e7lu2q0mlbu0f1b&amp;amp;auto_select=false&amp;amp;ux_mode=popup&amp;amp;ui_mode=card&amp;amp;as=AXfc5RT4y%2FUB80Cd%2FaSIjg&amp;amp;is_itp=true&amp;amp;channel_id=44ec65b2d04ffe214e76663f65cc93c7698f4a02e1a5b09a21ed51871ca949c0&amp;amp;origin=https%3A%2F%2Fwww.academia.edu&amp;quot;&amp;gt; obscures it
Build info: version: &amp;apos;3.141.59&amp;apos;, revision: &amp;apos;e82be7d358&amp;apos;, time: &amp;apos;2018-11-14T08:17:03&amp;apos;
System info: host: &amp;apos;DESKTOP-GTRIPH7&amp;apos;, ip: &amp;apos;10.56.5.31&amp;apos;, os.name: &amp;apos;Windows 10&amp;apos;, os.arch: &amp;apos;amd64&amp;apos;, os.version: &amp;apos;10.0&amp;apos;, java.version: &amp;apos;17.0.1&amp;apos;
Driver info: org.openqa.selenium.firefox.FirefoxDriver
Capabilities {acceptInsecureCerts: true, browserName: firefox, browserVersion: 107.0.1, javascriptEnabled: true, moz:accessibilityChecks: false, moz:buildID: 20221128144904, moz:geckodriverVersion: 0.31.0, moz:headless: false, moz:platformVersion: 10.0, moz:processID: 11172, moz:profile: C:\Users\soniy\AppData\Loca..., moz:shutdownTimeout: 60000, moz:useNonSpecCompliantPointerOrigin: false, moz:webdriverClick: true, moz:windowless: false, pageLoadStrategy: normal, platform: WINDOWS, platformName: WINDOWS, proxy: Proxy(), setWindowRect: true, strictFileInteractability: false, timeouts: {implicit: 0, pageLoad: 300000, script: 30000}, unhandledPromptBehavior: dismiss and notify}
Session ID: 357217f0-dc56-49cd-a2f8-546971cd4a3e">
      <![CDATA[org.openqa.selenium.ElementClickInterceptedException: Element <a class="Button new-lohp-button new-lohp-button-inverse header-login-button" href="/login?lhpb=tp"> is not clickable at point (1196,57) because another element <iframe src="https://accounts.google.com/gsi/iframe/select?client_id=331998490334-rsn3chp12mbkiqhl6e7lu2q0mlbu0f1b&auto_select=false&ux_mode=popup&ui_mode=card&as=AXfc5RT4y%2FUB80Cd%2FaSIjg&is_itp=true&channel_id=44ec65b2d04ffe214e76663f65cc93c7698f4a02e1a5b09a21ed51871ca949c0&origin=https%3A%2F%2Fwww.academia.edu"> obscures it
Build info: version: '3.141.59', revision: 'e82be7d358', time: '2018-11-14T08:17:03'
System info: host: 'DESKTOP-GTRIPH7', ip: '10.56.5.31', os.name: 'Windows 10', os.arch: 'amd64', os.version: '10.0', java.version: '17.0.1'
Driver info: org.openqa.selenium.firefox.FirefoxDriver
Capabilities {acceptInsecureCerts: true, browserName: firefox, browserVersion: 107.0.1, javascriptEnabled: true, moz:accessibilityChecks: false, moz:buildID: 20221128144904, moz:geckodriverVersion: 0.31.0, moz:headless: false, moz:platformVersion: 10.0, moz:processID: 11172, moz:profile: C:\Users\soniy\AppData\Loca..., moz:shutdownTimeout: 60000, moz:useNonSpecCompliantPointerOrigin: false, moz:webdriverClick: true, moz:windowless: false, pageLoadStrategy: normal, platform: WINDOWS, platformName: WINDOWS, proxy: Proxy(), setWindowRect: true, strictFileInteractability: false, timeouts: {implicit: 0, pageLoad: 300000, script: 30000}, unhandledPromptBehavior: dismiss and notify}
Session ID: 357217f0-dc56-49cd-a2f8-546971cd4a3e
at org.openqa.selenium.remote.http.W3CHttpResponseCodec.createException(W3CHttpResponseCodec.java:187)
at org.openqa.selenium.remote.http.W3CHttpResponseCodec.decode(W3CHttpResponseCodec.java:122)
at org.openqa.selenium.remote.http.W3CHttpResponseCodec.decode(W3CHttpResponseCodec.java:49)
at org.openqa.selenium.remote.HttpCommandExecutor.execute(HttpCommandExecutor.java:158)
at org.openqa.selenium.remote.service.DriverCommandExecutor.execute(DriverCommandExecutor.java:83)
at org.openqa.selenium.remote.RemoteWebDriver.execute(RemoteWebDriver.java:552)
at org.openqa.selenium.remote.RemoteWebElement.execute(RemoteWebElement.java:285)
at org.openqa.selenium.remote.RemoteWebElement.click(RemoteWebElement.java:84)
at org.openqa.selenium.support.pagefactory.internal.LocatingElementHandler.invoke(LocatingElementHandler.java:51)
at jdk.proxy2/jdk.proxy2.$Proxy13.click(Unknown Source)
at com.qa.testscripts.TC_Academyedulogin.Search(TC_Academyedulogin.java:15)
at java.base/java.util.concurrent.ThreadPoolExecutor.runWorker(ThreadPoolExecutor.java:1136)
at java.base/java.util.concurrent.ThreadPoolExecutor$Worker.run(ThreadPoolExecutor.java:635)
at java.base/java.lang.Thread.run(Thread.java:833)
... Removed 21 stack frames]]>
    </failure>
  </testcase> <!-- Search -->
  <testcase classname="com.qa.testscripts.TC_AcademyeduSignup" name="Search" time="14.019"/>
</testsuite> <!-- Firefox -->
