<?xml version="1.0" encoding="UTF-8"?>
<!-- Generated by org.testng.reporters.JUnitXMLReporter -->
<testsuite ignored="0" hostname="DESKTOP-GTRIPH7" failures="0" tests="1" name="Test firefox" time="0.027" errors="0" timestamp="2022-10-31T09:48:27 IST">
  <testcase classname="com.qa.testscripts.TestBase" name="@BeforeClass Setup" time="0.003">
    <failure type="java.lang.NullPointerException" message="Cannot invoke &amp;quot;org.openqa.selenium.WebDriver.manage()&amp;quot; because &amp;quot;this.Driver&amp;quot; is null">
      <![CDATA[java.lang.NullPointerException: Cannot invoke "org.openqa.selenium.WebDriver.manage()" because "this.Driver" is null
at com.qa.testscripts.TestBase.Setup(TestBase.java:36)
at java.base/java.util.concurrent.ThreadPoolExecutor.runWorker(ThreadPoolExecutor.java:1136)
at java.base/java.util.concurrent.ThreadPoolExecutor$Worker.run(ThreadPoolExecutor.java:635)
at java.base/java.lang.Thread.run(Thread.java:833)
... Removed 10 stack frames]]>
    </failure>
  </testcase> <!-- @BeforeClass Setup -->
  <testcase classname="com.qa.testscripts.TestBase" name="@AfterClass TearDown" time="-1.66718990733E9">
    <skipped/>
  </testcase> <!-- @AfterClass TearDown -->
  <testcase classname="com.qa.testscripts.TC_AmazonSearch_001" name="Search" time="0.0">
    <skipped/>
  </testcase> <!-- Search -->
</testsuite> <!-- Test firefox -->
