<?xml version="1.0" encoding="UTF-8"?>
<!-- Generated by org.testng.reporters.JUnitXMLReporter -->
<testsuite ignored="0" hostname="DESKTOP-GTRIPH7" failures="0" tests="3" name="Test Chrome" time="173.518" errors="0" timestamp="2022-12-08T15:10:08 IST">
  <testcase classname="com.qa.testscripts.TC_Academyedulogin" name="Search" time="32.155"/>
  <testcase classname="com.qa.testscripts.TC_AcademyeduSignup" name="Search" time="22.542"/>
  <testcase classname="com.qa.testscripts.TC_Searchcourse" name="Search" time="86.819"/>
</testsuite> <!-- Test Chrome -->
