<?xml version="1.0" encoding="UTF-8"?>
<testng-results ignored="0" total="3" passed="3" failed="0" skipped="0">
  <reporter-output>
  </reporter-output>
  <suite started-at="2022-12-08T15:07:14 IST" name="Suite" finished-at="2022-12-08T15:10:07 IST" duration-ms="173518">
    <groups>
    </groups>
    <test started-at="2022-12-08T15:07:14 IST" name="Test Chrome" finished-at="2022-12-08T15:10:07 IST" duration-ms="173518">
      <class name="com.qa.testscripts.TC_Academyedulogin">
        <test-method is-config="true" signature="Setup(java.lang.String,java.lang.String)[pri:0, instance:com.qa.testscripts.TC_Academyedulogin@4a7f959b]" started-at="2022-12-08T15:07:14 IST" name="Setup" finished-at="2022-12-08T15:08:20 IST" duration-ms="66309" status="PASS">
          <params>
            <param index="0">
              <value>
                <![CDATA[Chrome]]>
              </value>
            </param>
            <param index="1">
              <value>
                <![CDATA[https://www.academia.edu/]]>
              </value>
            </param>
          </params>
          <reporter-output>
          </reporter-output>
        </test-method> <!-- Setup -->
        <test-method signature="Search(java.lang.String,java.lang.String)[pri:0, instance:com.qa.testscripts.TC_Academyedulogin@4a7f959b]" started-at="2022-12-08T15:08:20 IST" name="Search" finished-at="2022-12-08T15:08:52 IST" duration-ms="32155" status="PASS">
          <params>
            <param index="0">
              <value>
                <![CDATA[Chrome]]>
              </value>
            </param>
            <param index="1">
              <value>
                <![CDATA[https://www.academia.edu/]]>
              </value>
            </param>
          </params>
          <reporter-output>
          </reporter-output>
        </test-method> <!-- Search -->
        <test-method is-config="true" signature="TearDown()[pri:0, instance:com.qa.testscripts.TC_Academyedulogin@4a7f959b]" started-at="2022-12-08T15:08:53 IST" name="TearDown" finished-at="2022-12-08T15:08:55 IST" duration-ms="1925" status="PASS">
          <reporter-output>
          </reporter-output>
        </test-method> <!-- TearDown -->
      </class> <!-- com.qa.testscripts.TC_Academyedulogin -->
      <class name="com.qa.testscripts.TC_AcademyeduSignup">
        <test-method is-config="true" signature="Setup(java.lang.String,java.lang.String)[pri:0, instance:com.qa.testscripts.TC_AcademyeduSignup@759d26fb]" started-at="2022-12-08T15:07:14 IST" name="Setup" finished-at="2022-12-08T15:08:39 IST" duration-ms="85509" status="PASS">
          <params>
            <param index="0">
              <value>
                <![CDATA[Chrome]]>
              </value>
            </param>
            <param index="1">
              <value>
                <![CDATA[https://www.academia.edu/]]>
              </value>
            </param>
          </params>
          <reporter-output>
          </reporter-output>
        </test-method> <!-- Setup -->
        <test-method signature="Search(java.lang.String,java.lang.String)[pri:0, instance:com.qa.testscripts.TC_AcademyeduSignup@759d26fb]" started-at="2022-12-08T15:08:39 IST" name="Search" finished-at="2022-12-08T15:09:02 IST" duration-ms="22542" status="PASS">
          <params>
            <param index="0">
              <value>
                <![CDATA[Chrome]]>
              </value>
            </param>
            <param index="1">
              <value>
                <![CDATA[https://www.academia.edu/]]>
              </value>
            </param>
          </params>
          <reporter-output>
          </reporter-output>
        </test-method> <!-- Search -->
        <test-method is-config="true" signature="TearDown()[pri:0, instance:com.qa.testscripts.TC_AcademyeduSignup@759d26fb]" started-at="2022-12-08T15:09:02 IST" name="TearDown" finished-at="2022-12-08T15:09:03 IST" duration-ms="918" status="PASS">
          <reporter-output>
          </reporter-output>
        </test-method> <!-- TearDown -->
      </class> <!-- com.qa.testscripts.TC_AcademyeduSignup -->
      <class name="com.qa.testscripts.TC_Searchcourse">
        <test-method is-config="true" signature="Setup(java.lang.String,java.lang.String)[pri:0, instance:com.qa.testscripts.TC_Searchcourse@429bffaa]" started-at="2022-12-08T15:07:14 IST" name="Setup" finished-at="2022-12-08T15:08:40 IST" duration-ms="86308" status="PASS">
          <params>
            <param index="0">
              <value>
                <![CDATA[Chrome]]>
              </value>
            </param>
            <param index="1">
              <value>
                <![CDATA[https://www.academia.edu/]]>
              </value>
            </param>
          </params>
          <reporter-output>
          </reporter-output>
        </test-method> <!-- Setup -->
        <test-method signature="Search(java.lang.String,java.lang.String)[pri:0, instance:com.qa.testscripts.TC_Searchcourse@429bffaa]" started-at="2022-12-08T15:08:40 IST" name="Search" finished-at="2022-12-08T15:10:07 IST" duration-ms="86819" status="PASS">
          <params>
            <param index="0">
              <value>
                <![CDATA[Chrome]]>
              </value>
            </param>
            <param index="1">
              <value>
                <![CDATA[https://www.academia.edu/]]>
              </value>
            </param>
          </params>
          <reporter-output>
          </reporter-output>
        </test-method> <!-- Search -->
        <test-method is-config="true" signature="TearDown()[pri:0, instance:com.qa.testscripts.TC_Searchcourse@429bffaa]" started-at="2022-12-08T15:10:07 IST" name="TearDown" finished-at="2022-12-08T15:10:07 IST" duration-ms="290" status="PASS">
          <reporter-output>
          </reporter-output>
        </test-method> <!-- TearDown -->
      </class> <!-- com.qa.testscripts.TC_Searchcourse -->
    </test> <!-- Test Chrome -->
  </suite> <!-- Suite -->
</testng-results>
